PLINK v1.90b3.46 64-bit (13 Feb 2017)
Options in effect:
  --allow-extra-chr
  --make-bed
  --map coye.subset.no_chr.map
  --out coye.subset.no_chr
  --ped coye.subset.ped

Hostname: Christens-MacBook-Pro.local
Working directory: /Users/christen2016mac/Rprojects_git/BGP_GenomicsPipeline/data/admixture
Start time: Mon Jun  6 21:58:17 2022

Random number seed: 1654574297
8192 MB RAM detected; reserving 4096 MB for main workspace.
Scanning .ped file... done.
Performing single-pass .bed write (50001 variants, 194 people).
--file: coye.subset.no_chr-temporary.bed + coye.subset.no_chr-temporary.bim +
coye.subset.no_chr-temporary.fam written.
50001 variants loaded from .bim file.
194 people (0 males, 0 females, 194 ambiguous) loaded from .fam.
Ambiguous sex IDs written to coye.subset.no_chr.nosex .
Using 1 thread (no multithreaded calculations invoked).
Before main variant filters, 194 founders and 0 nonfounders present.
Calculating allele frequencies... done.
Total genotyping rate is 0.782952.
50001 variants and 194 people pass filters and QC.
Note: No phenotypes present.
--make-bed to coye.subset.no_chr.bed + coye.subset.no_chr.bim +
coye.subset.no_chr.fam ... done.

End time: Mon Jun  6 21:58:18 2022
