****                   ADMIXTURE Version 1.3.0                  ****
****                    Copyright 2008-2015                     ****
****           David Alexander, Suyash Shringarpure,            ****
****                John  Novembre, Ken Lange                   ****
****                                                            ****
****                 Please cite our paper!                     ****
****   Information at www.genetics.ucla.edu/software/admixture  ****

Cross-validation will be performed.  Folds=5.
Random seed: 43
Point estimation method: Block relaxation algorithm
Convergence acceleration algorithm: QuasiNewton, 3 secant conditions
Point estimation will terminate when objective function delta < 0.0001
Estimation of standard errors disabled; will compute point estimates only.
Size of G: 202x50001
Performing five EM steps to prime main algorithm
1 (EM) 	Elapsed: 0.545	Loglikelihood: -7.56787e+06	(delta): 6.09037e+06
2 (EM) 	Elapsed: 0.512	Loglikelihood: -7.33892e+06	(delta): 228955
3 (EM) 	Elapsed: 0.548	Loglikelihood: -7.27789e+06	(delta): 61031.1
4 (EM) 	Elapsed: 0.518	Loglikelihood: -7.25013e+06	(delta): 27759.8
5 (EM) 	Elapsed: 0.453	Loglikelihood: -7.23681e+06	(delta): 13312.6
Initial loglikelihood: -7.23681e+06
Starting main algorithm
1 (QN/Block) 	Elapsed: 1.185	Loglikelihood: -6.42581e+06	(delta): 811006
2 (QN/Block) 	Elapsed: 1.233	Loglikelihood: -6.19186e+06	(delta): 233950
3 (QN/Block) 	Elapsed: 1.396	Loglikelihood: -6.0182e+06	(delta): 173659
4 (QN/Block) 	Elapsed: 1.566	Loglikelihood: -5.92786e+06	(delta): 90343
5 (QN/Block) 	Elapsed: 1.424	Loglikelihood: -5.89225e+06	(delta): 35609.1
6 (QN/Block) 	Elapsed: 1.821	Loglikelihood: -5.88749e+06	(delta): 4758.2
7 (QN/Block) 	Elapsed: 1.499	Loglikelihood: -5.88537e+06	(delta): 2118.5
8 (QN/Block) 	Elapsed: 1.736	Loglikelihood: -5.88509e+06	(delta): 283.451
9 (QN/Block) 	Elapsed: 1.434	Loglikelihood: -5.88506e+06	(delta): 29.9626
10 (QN/Block) 	Elapsed: 1.608	Loglikelihood: -5.88505e+06	(delta): 4.12561
11 (QN/Block) 	Elapsed: 1.379	Loglikelihood: -5.88505e+06	(delta): 0.0415343
12 (QN/Block) 	Elapsed: 1.333	Loglikelihood: -5.88505e+06	(delta): 0.00994287
13 (QN/Block) 	Elapsed: 1.392	Loglikelihood: -5.88505e+06	(delta): 0.00143397
14 (QN/Block) 	Elapsed: 1.371	Loglikelihood: -5.88505e+06	(delta): 8.41981e-05
Summary: 
Converged in 14 iterations (24.891 sec)
Loglikelihood: -5885052.520122
Fst divergences between estimated populations: 
	Pop0	
Pop0	
Pop1	0.311	
CV error (K=2): 0.60346
Writing output files.
