****                   ADMIXTURE Version 1.3.0                  ****
****                    Copyright 2008-2015                     ****
****           David Alexander, Suyash Shringarpure,            ****
****                John  Novembre, Ken Lange                   ****
****                                                            ****
****                 Please cite our paper!                     ****
****   Information at www.genetics.ucla.edu/software/admixture  ****

Cross-validation will be performed.  Folds=5.
Random seed: 43
Point estimation method: Block relaxation algorithm
Convergence acceleration algorithm: QuasiNewton, 3 secant conditions
Point estimation will terminate when objective function delta < 0.0001
Estimation of standard errors disabled; will compute point estimates only.
Size of G: 202x50001
Performing five EM steps to prime main algorithm
1 (EM) 	Elapsed: 1.46	Loglikelihood: -7.64642e+06	(delta): 4.41077e+06
2 (EM) 	Elapsed: 1.332	Loglikelihood: -7.3777e+06	(delta): 268722
3 (EM) 	Elapsed: 1.313	Loglikelihood: -7.29745e+06	(delta): 80251.7
4 (EM) 	Elapsed: 0.982	Loglikelihood: -7.24278e+06	(delta): 54673.9
5 (EM) 	Elapsed: 1.042	Loglikelihood: -7.19503e+06	(delta): 47741.7
Initial loglikelihood: -7.19503e+06
Starting main algorithm
1 (QN/Block) 	Elapsed: 2.327	Loglikelihood: -6.05403e+06	(delta): 1.141e+06
2 (QN/Block) 	Elapsed: 2.581	Loglikelihood: -5.88621e+06	(delta): 167824
3 (QN/Block) 	Elapsed: 2.928	Loglikelihood: -5.79594e+06	(delta): 90261.6
4 (QN/Block) 	Elapsed: 2.855	Loglikelihood: -5.75545e+06	(delta): 40492.6
5 (QN/Block) 	Elapsed: 2.641	Loglikelihood: -5.74161e+06	(delta): 13846.4
6 (QN/Block) 	Elapsed: 2.676	Loglikelihood: -5.73674e+06	(delta): 4863.7
7 (QN/Block) 	Elapsed: 2.536	Loglikelihood: -5.73346e+06	(delta): 3276.77
8 (QN/Block) 	Elapsed: 2.466	Loglikelihood: -5.73173e+06	(delta): 1737.58
9 (QN/Block) 	Elapsed: 2.87	Loglikelihood: -5.73024e+06	(delta): 1486.89
10 (QN/Block) 	Elapsed: 3.2	Loglikelihood: -5.72901e+06	(delta): 1231.28
11 (QN/Block) 	Elapsed: 2.591	Loglikelihood: -5.72785e+06	(delta): 1162.57
12 (QN/Block) 	Elapsed: 2.54	Loglikelihood: -5.72672e+06	(delta): 1124.45
13 (QN/Block) 	Elapsed: 3.476	Loglikelihood: -5.72574e+06	(delta): 979.624
14 (QN/Block) 	Elapsed: 3.965	Loglikelihood: -5.72486e+06	(delta): 882.454
15 (QN/Block) 	Elapsed: 3.212	Loglikelihood: -5.72398e+06	(delta): 874.967
16 (QN/Block) 	Elapsed: 2.888	Loglikelihood: -5.72347e+06	(delta): 510.06
17 (QN/Block) 	Elapsed: 2.708	Loglikelihood: -5.72316e+06	(delta): 314.761
18 (QN/Block) 	Elapsed: 2.856	Loglikelihood: -5.72305e+06	(delta): 110.62
19 (QN/Block) 	Elapsed: 3.035	Loglikelihood: -5.72298e+06	(delta): 70.0143
20 (QN/Block) 	Elapsed: 2.512	Loglikelihood: -5.72293e+06	(delta): 53.691
21 (QN/Block) 	Elapsed: 2.444	Loglikelihood: -5.72288e+06	(delta): 46.0823
22 (QN/Block) 	Elapsed: 2.571	Loglikelihood: -5.72283e+06	(delta): 45.1687
23 (QN/Block) 	Elapsed: 2.622	Loglikelihood: -5.7228e+06	(delta): 32.5183
24 (QN/Block) 	Elapsed: 2.863	Loglikelihood: -5.72271e+06	(delta): 94.6083
25 (QN/Block) 	Elapsed: 3.011	Loglikelihood: -5.72265e+06	(delta): 57.9396
26 (QN/Block) 	Elapsed: 2.646	Loglikelihood: -5.72263e+06	(delta): 15.7739
27 (QN/Block) 	Elapsed: 2.739	Loglikelihood: -5.72261e+06	(delta): 24.2987
28 (QN/Block) 	Elapsed: 2.598	Loglikelihood: -5.72259e+06	(delta): 21.2851
29 (QN/Block) 	Elapsed: 2.768	Loglikelihood: -5.72257e+06	(delta): 18.6157
30 (QN/Block) 	Elapsed: 2.935	Loglikelihood: -5.72256e+06	(delta): 10.6549
31 (QN/Block) 	Elapsed: 2.853	Loglikelihood: -5.72255e+06	(delta): 10.3465
32 (QN/Block) 	Elapsed: 2.532	Loglikelihood: -5.72254e+06	(delta): 8.89012
33 (QN/Block) 	Elapsed: 2.811	Loglikelihood: -5.72253e+06	(delta): 10.2347
34 (QN/Block) 	Elapsed: 3.086	Loglikelihood: -5.72252e+06	(delta): 11.6771
35 (QN/Block) 	Elapsed: 2.917	Loglikelihood: -5.72251e+06	(delta): 8.03674
36 (QN/Block) 	Elapsed: 2.907	Loglikelihood: -5.72251e+06	(delta): 4.00887
37 (QN/Block) 	Elapsed: 3.662	Loglikelihood: -5.7225e+06	(delta): 5.85898
38 (QN/Block) 	Elapsed: 3.172	Loglikelihood: -5.7225e+06	(delta): 3.4192
39 (QN/Block) 	Elapsed: 3.042	Loglikelihood: -5.72249e+06	(delta): 2.2555
40 (QN/Block) 	Elapsed: 2.841	Loglikelihood: -5.72249e+06	(delta): 1.28717
41 (QN/Block) 	Elapsed: 2.986	Loglikelihood: -5.72249e+06	(delta): 0.706685
42 (QN/Block) 	Elapsed: 3.687	Loglikelihood: -5.72249e+06	(delta): 0.597278
43 (QN/Block) 	Elapsed: 3.832	Loglikelihood: -5.72249e+06	(delta): 0.673597
44 (QN/Block) 	Elapsed: 3.089	Loglikelihood: -5.72249e+06	(delta): 0.745705
45 (QN/Block) 	Elapsed: 2.858	Loglikelihood: -5.72249e+06	(delta): 0.781272
46 (QN/Block) 	Elapsed: 2.789	Loglikelihood: -5.72249e+06	(delta): 1.08364
47 (QN/Block) 	Elapsed: 3.092	Loglikelihood: -5.72248e+06	(delta): 3.14243
48 (QN/Block) 	Elapsed: 3.302	Loglikelihood: -5.72248e+06	(delta): 0.564109
49 (QN/Block) 	Elapsed: 3.467	Loglikelihood: -5.72248e+06	(delta): 0.58602
50 (QN/Block) 	Elapsed: 3.275	Loglikelihood: -5.72248e+06	(delta): 1.15512
51 (QN/Block) 	Elapsed: 3.057	Loglikelihood: -5.72248e+06	(delta): 0.493004
52 (QN/Block) 	Elapsed: 2.377	Loglikelihood: -5.72248e+06	(delta): 0.51632
53 (QN/Block) 	Elapsed: 2.436	Loglikelihood: -5.72248e+06	(delta): 0.331148
54 (QN/Block) 	Elapsed: 2.612	Loglikelihood: -5.72248e+06	(delta): 0.608628
55 (QN/Block) 	Elapsed: 2.789	Loglikelihood: -5.72248e+06	(delta): 0.109477
56 (QN/Block) 	Elapsed: 2.779	Loglikelihood: -5.72248e+06	(delta): 0.0853938
57 (QN/Block) 	Elapsed: 2.659	Loglikelihood: -5.72248e+06	(delta): 0.0486494
58 (QN/Block) 	Elapsed: 4.726	Loglikelihood: -5.72248e+06	(delta): 0.0347912
59 (QN/Block) 	Elapsed: 2.783	Loglikelihood: -5.72248e+06	(delta): 0.030119
60 (QN/Block) 	Elapsed: 2.745	Loglikelihood: -5.72248e+06	(delta): 0.0181293
61 (QN/Block) 	Elapsed: 2.727	Loglikelihood: -5.72248e+06	(delta): 0.0088277
62 (QN/Block) 	Elapsed: 2.695	Loglikelihood: -5.72248e+06	(delta): 0.00359911
63 (QN/Block) 	Elapsed: 3.602	Loglikelihood: -5.72248e+06	(delta): 0.00359022
64 (QN/Block) 	Elapsed: 3.024	Loglikelihood: -5.72248e+06	(delta): 0.000703873
65 (QN/Block) 	Elapsed: 3.297	Loglikelihood: -5.72248e+06	(delta): 0.000698545
66 (QN/Block) 	Elapsed: 3.06	Loglikelihood: -5.72248e+06	(delta): 0.000966378
67 (QN/Block) 	Elapsed: 2.814	Loglikelihood: -5.72248e+06	(delta): 0.000966054
68 (QN/Block) 	Elapsed: 2.81	Loglikelihood: -5.72248e+06	(delta): 0.000191183
69 (QN/Block) 	Elapsed: 2.533	Loglikelihood: -5.72248e+06	(delta): 4.03589e-05
Summary: 
Converged in 69 iterations (216.38 sec)
Loglikelihood: -5722480.296871
Fst divergences between estimated populations: 
	Pop0	Pop1	Pop2	Pop3	
Pop0	
Pop1	0.353	
Pop2	0.083	0.367	
Pop3	0.303	0.112	0.317	
Pop4	0.109	0.403	0.128	0.352	
CV error (K=5): 0.64569
Writing output files.
