****                   ADMIXTURE Version 1.3.0                  ****
****                    Copyright 2008-2015                     ****
****           David Alexander, Suyash Shringarpure,            ****
****                John  Novembre, Ken Lange                   ****
****                                                            ****
****                 Please cite our paper!                     ****
****   Information at www.genetics.ucla.edu/software/admixture  ****

Cross-validation will be performed.  Folds=5.
Random seed: 43
Point estimation method: Block relaxation algorithm
Convergence acceleration algorithm: QuasiNewton, 3 secant conditions
Point estimation will terminate when objective function delta < 0.0001
Estimation of standard errors disabled; will compute point estimates only.
Size of G: 202x50001
Performing five EM steps to prime main algorithm
1 (EM) 	Elapsed: 2.949	Loglikelihood: -7.62213e+06	(delta): 4.10049e+06
2 (EM) 	Elapsed: 3.787	Loglikelihood: -7.35477e+06	(delta): 267362
3 (EM) 	Elapsed: 4.818	Loglikelihood: -7.27834e+06	(delta): 76422.3
4 (EM) 	Elapsed: 5.167	Loglikelihood: -7.22157e+06	(delta): 56778.8
5 (EM) 	Elapsed: 7.834	Loglikelihood: -7.16617e+06	(delta): 55393.9
Initial loglikelihood: -7.16617e+06
Starting main algorithm
1 (QN/Block) 	Elapsed: 6.656	Loglikelihood: -5.92871e+06	(delta): 1.23746e+06
2 (QN/Block) 	Elapsed: 7.197	Loglikelihood: -5.7827e+06	(delta): 146008
3 (QN/Block) 	Elapsed: 7.803	Loglikelihood: -5.71323e+06	(delta): 69471
4 (QN/Block) 	Elapsed: 7.007	Loglikelihood: -5.66536e+06	(delta): 47878.4
5 (QN/Block) 	Elapsed: 5.271	Loglikelihood: -5.64859e+06	(delta): 16768.6
6 (QN/Block) 	Elapsed: 5.839	Loglikelihood: -5.64087e+06	(delta): 7713.66
7 (QN/Block) 	Elapsed: 5.069	Loglikelihood: -5.63721e+06	(delta): 3659.57
8 (QN/Block) 	Elapsed: 5.15	Loglikelihood: -5.63533e+06	(delta): 1888.19
9 (QN/Block) 	Elapsed: 5.227	Loglikelihood: -5.63403e+06	(delta): 1297.3
10 (QN/Block) 	Elapsed: 5.399	Loglikelihood: -5.63342e+06	(delta): 609.132
11 (QN/Block) 	Elapsed: 5.581	Loglikelihood: -5.63298e+06	(delta): 439.112
12 (QN/Block) 	Elapsed: 7.677	Loglikelihood: -5.63264e+06	(delta): 341.131
13 (QN/Block) 	Elapsed: 6.954	Loglikelihood: -5.63242e+06	(delta): 214.634
14 (QN/Block) 	Elapsed: 7.42	Loglikelihood: -5.63231e+06	(delta): 114.157
15 (QN/Block) 	Elapsed: 5.048	Loglikelihood: -5.63207e+06	(delta): 236.299
16 (QN/Block) 	Elapsed: 6.311	Loglikelihood: -5.63189e+06	(delta): 185.778
17 (QN/Block) 	Elapsed: 6.953	Loglikelihood: -5.6318e+06	(delta): 83.6405
18 (QN/Block) 	Elapsed: 6.057	Loglikelihood: -5.63165e+06	(delta): 149.429
19 (QN/Block) 	Elapsed: 10.584	Loglikelihood: -5.63156e+06	(delta): 92.0102
20 (QN/Block) 	Elapsed: 7.392	Loglikelihood: -5.6315e+06	(delta): 66.9833
21 (QN/Block) 	Elapsed: 9.563	Loglikelihood: -5.63144e+06	(delta): 50.917
22 (QN/Block) 	Elapsed: 11.684	Loglikelihood: -5.63138e+06	(delta): 63.1364
23 (QN/Block) 	Elapsed: 6.83	Loglikelihood: -5.63134e+06	(delta): 41.229
24 (QN/Block) 	Elapsed: 10.666	Loglikelihood: -5.63132e+06	(delta): 20.7768
25 (QN/Block) 	Elapsed: 5.667	Loglikelihood: -5.63131e+06	(delta): 13.1253
26 (QN/Block) 	Elapsed: 4.966	Loglikelihood: -5.63129e+06	(delta): 12.6131
27 (QN/Block) 	Elapsed: 5.133	Loglikelihood: -5.63129e+06	(delta): 5.71193
28 (QN/Block) 	Elapsed: 4.905	Loglikelihood: -5.63129e+06	(delta): 3.11427
29 (QN/Block) 	Elapsed: 5.246	Loglikelihood: -5.63128e+06	(delta): 3.49157
30 (QN/Block) 	Elapsed: 5.428	Loglikelihood: -5.63128e+06	(delta): 3.62835
31 (QN/Block) 	Elapsed: 6.375	Loglikelihood: -5.63127e+06	(delta): 3.11249
32 (QN/Block) 	Elapsed: 8.192	Loglikelihood: -5.63127e+06	(delta): 2.54922
33 (QN/Block) 	Elapsed: 4.004	Loglikelihood: -5.63127e+06	(delta): 2.0281
34 (QN/Block) 	Elapsed: 3.716	Loglikelihood: -5.63127e+06	(delta): 1.03315
35 (QN/Block) 	Elapsed: 3.352	Loglikelihood: -5.63127e+06	(delta): 0.572709
36 (QN/Block) 	Elapsed: 3.559	Loglikelihood: -5.63127e+06	(delta): 0.780453
37 (QN/Block) 	Elapsed: 3.773	Loglikelihood: -5.63127e+06	(delta): 0.622715
38 (QN/Block) 	Elapsed: 3.374	Loglikelihood: -5.63127e+06	(delta): 0.459875
39 (QN/Block) 	Elapsed: 3.567	Loglikelihood: -5.63127e+06	(delta): 0.460035
40 (QN/Block) 	Elapsed: 3.567	Loglikelihood: -5.63127e+06	(delta): 1.05118
41 (QN/Block) 	Elapsed: 3.761	Loglikelihood: -5.63126e+06	(delta): 0.301986
42 (QN/Block) 	Elapsed: 3.572	Loglikelihood: -5.63126e+06	(delta): 0.167873
43 (QN/Block) 	Elapsed: 3.442	Loglikelihood: -5.63126e+06	(delta): 0.0715837
44 (QN/Block) 	Elapsed: 4.81	Loglikelihood: -5.63126e+06	(delta): 0.045033
45 (QN/Block) 	Elapsed: 3.894	Loglikelihood: -5.63126e+06	(delta): 0.00680979
46 (QN/Block) 	Elapsed: 4.411	Loglikelihood: -5.63126e+06	(delta): 0.00203147
47 (QN/Block) 	Elapsed: 5.475	Loglikelihood: -5.63126e+06	(delta): 0.000478244
48 (QN/Block) 	Elapsed: 5.354	Loglikelihood: -5.63126e+06	(delta): 0.000200902
49 (QN/Block) 	Elapsed: 3.944	Loglikelihood: -5.63126e+06	(delta): 8.7346e-05
Summary: 
Converged in 49 iterations (319.222 sec)
Loglikelihood: -5631264.652627
Fst divergences between estimated populations: 
	Pop0	Pop1	Pop2	Pop3	Pop4	Pop5	
Pop0	
Pop1	0.367	
Pop2	0.115	0.424	
Pop3	0.136	0.432	0.200	
Pop4	0.157	0.385	0.225	0.236	
Pop5	0.309	0.151	0.366	0.375	0.328	
Pop6	0.331	0.132	0.386	0.393	0.348	0.108	
CV error (K=7): 0.71444
Writing output files.
