****                   ADMIXTURE Version 1.3.0                  ****
****                    Copyright 2008-2015                     ****
****           David Alexander, Suyash Shringarpure,            ****
****                John  Novembre, Ken Lange                   ****
****                                                            ****
****                 Please cite our paper!                     ****
****   Information at www.genetics.ucla.edu/software/admixture  ****

Cross-validation will be performed.  Folds=5.
Random seed: 43
Point estimation method: Block relaxation algorithm
Convergence acceleration algorithm: QuasiNewton, 3 secant conditions
Point estimation will terminate when objective function delta < 0.0001
Estimation of standard errors disabled; will compute point estimates only.
Size of G: 202x50001
Performing five EM steps to prime main algorithm
1 (EM) 	Elapsed: 0.728	Loglikelihood: -7.64121e+06	(delta): 5.1462e+06
2 (EM) 	Elapsed: 0.69	Loglikelihood: -7.37941e+06	(delta): 261796
3 (EM) 	Elapsed: 0.64	Loglikelihood: -7.30085e+06	(delta): 78561.6
4 (EM) 	Elapsed: 0.595	Loglikelihood: -7.25782e+06	(delta): 43029.5
5 (EM) 	Elapsed: 0.681	Loglikelihood: -7.2309e+06	(delta): 26920.1
Initial loglikelihood: -7.2309e+06
Starting main algorithm
1 (QN/Block) 	Elapsed: 1.776	Loglikelihood: -6.19803e+06	(delta): 1.03287e+06
2 (QN/Block) 	Elapsed: 1.693	Loglikelihood: -5.97467e+06	(delta): 223363
3 (QN/Block) 	Elapsed: 1.854	Loglikelihood: -5.88811e+06	(delta): 86557.8
4 (QN/Block) 	Elapsed: 2.209	Loglikelihood: -5.84995e+06	(delta): 38161.7
5 (QN/Block) 	Elapsed: 1.865	Loglikelihood: -5.83391e+06	(delta): 16034.6
6 (QN/Block) 	Elapsed: 1.952	Loglikelihood: -5.82895e+06	(delta): 4968.73
7 (QN/Block) 	Elapsed: 1.642	Loglikelihood: -5.82636e+06	(delta): 2588.23
8 (QN/Block) 	Elapsed: 1.858	Loglikelihood: -5.82483e+06	(delta): 1532.53
9 (QN/Block) 	Elapsed: 2.091	Loglikelihood: -5.82413e+06	(delta): 699.898
10 (QN/Block) 	Elapsed: 1.673	Loglikelihood: -5.82366e+06	(delta): 467.56
11 (QN/Block) 	Elapsed: 1.644	Loglikelihood: -5.82326e+06	(delta): 392.98
12 (QN/Block) 	Elapsed: 1.804	Loglikelihood: -5.82291e+06	(delta): 355.443
13 (QN/Block) 	Elapsed: 1.785	Loglikelihood: -5.82271e+06	(delta): 203.613
14 (QN/Block) 	Elapsed: 1.834	Loglikelihood: -5.82251e+06	(delta): 192.205
15 (QN/Block) 	Elapsed: 1.855	Loglikelihood: -5.82243e+06	(delta): 79.1294
16 (QN/Block) 	Elapsed: 1.69	Loglikelihood: -5.8223e+06	(delta): 131.769
17 (QN/Block) 	Elapsed: 1.787	Loglikelihood: -5.8222e+06	(delta): 102.952
18 (QN/Block) 	Elapsed: 1.73	Loglikelihood: -5.82216e+06	(delta): 44.0954
19 (QN/Block) 	Elapsed: 1.748	Loglikelihood: -5.82214e+06	(delta): 12.267
20 (QN/Block) 	Elapsed: 1.76	Loglikelihood: -5.82212e+06	(delta): 20.0856
21 (QN/Block) 	Elapsed: 1.717	Loglikelihood: -5.82212e+06	(delta): 7.57833
22 (QN/Block) 	Elapsed: 1.691	Loglikelihood: -5.82211e+06	(delta): 2.46587
23 (QN/Block) 	Elapsed: 1.668	Loglikelihood: -5.82211e+06	(delta): 1.06282
24 (QN/Block) 	Elapsed: 1.751	Loglikelihood: -5.82211e+06	(delta): 0.397364
25 (QN/Block) 	Elapsed: 1.705	Loglikelihood: -5.82211e+06	(delta): 0.284018
26 (QN/Block) 	Elapsed: 1.69	Loglikelihood: -5.82211e+06	(delta): 0.311686
27 (QN/Block) 	Elapsed: 1.735	Loglikelihood: -5.82211e+06	(delta): 0.0130624
28 (QN/Block) 	Elapsed: 1.644	Loglikelihood: -5.82211e+06	(delta): 0.000830571
29 (QN/Block) 	Elapsed: 1.77	Loglikelihood: -5.82211e+06	(delta): 0.000272748
30 (QN/Block) 	Elapsed: 1.984	Loglikelihood: -5.82211e+06	(delta): 1.4944e-05
Summary: 
Converged in 30 iterations (60.289 sec)
Loglikelihood: -5822111.111630
Fst divergences between estimated populations: 
	Pop0	Pop1	
Pop0	
Pop1	0.300	
Pop2	0.342	0.095	
CV error (K=3): 0.61068
Writing output files.
