****                   ADMIXTURE Version 1.3.0                  ****
****                    Copyright 2008-2015                     ****
****           David Alexander, Suyash Shringarpure,            ****
****                John  Novembre, Ken Lange                   ****
****                                                            ****
****                 Please cite our paper!                     ****
****   Information at www.genetics.ucla.edu/software/admixture  ****

Cross-validation will be performed.  Folds=5.
Random seed: 43
Point estimation method: Block relaxation algorithm
Convergence acceleration algorithm: QuasiNewton, 3 secant conditions
Point estimation will terminate when objective function delta < 0.0001
Estimation of standard errors disabled; will compute point estimates only.
Size of G: 194x50001
Performing five EM steps to prime main algorithm
1 (EM) 	Elapsed: 0.802	Loglikelihood: -7.3518e+06	(delta): 4.48963e+06
2 (EM) 	Elapsed: 0.872	Loglikelihood: -7.08012e+06	(delta): 271680
3 (EM) 	Elapsed: 0.861	Loglikelihood: -6.98019e+06	(delta): 99924.5
4 (EM) 	Elapsed: 0.808	Loglikelihood: -6.89705e+06	(delta): 83136.9
5 (EM) 	Elapsed: 0.804	Loglikelihood: -6.80643e+06	(delta): 90620.2
Initial loglikelihood: -6.80643e+06
Starting main algorithm
1 (QN/Block) 	Elapsed: 1.771	Loglikelihood: -5.80074e+06	(delta): 1.00569e+06
2 (QN/Block) 	Elapsed: 1.882	Loglikelihood: -5.68889e+06	(delta): 111846
3 (QN/Block) 	Elapsed: 1.93	Loglikelihood: -5.6262e+06	(delta): 62692.2
4 (QN/Block) 	Elapsed: 2.097	Loglikelihood: -5.59137e+06	(delta): 34832
5 (QN/Block) 	Elapsed: 2.196	Loglikelihood: -5.58015e+06	(delta): 11217.1
6 (QN/Block) 	Elapsed: 2.027	Loglikelihood: -5.57553e+06	(delta): 4617.74
7 (QN/Block) 	Elapsed: 2.112	Loglikelihood: -5.57356e+06	(delta): 1974.85
8 (QN/Block) 	Elapsed: 2.018	Loglikelihood: -5.57293e+06	(delta): 625.367
9 (QN/Block) 	Elapsed: 1.986	Loglikelihood: -5.57266e+06	(delta): 278.939
10 (QN/Block) 	Elapsed: 2.373	Loglikelihood: -5.5725e+06	(delta): 153.064
11 (QN/Block) 	Elapsed: 2.206	Loglikelihood: -5.57242e+06	(delta): 78.4106
12 (QN/Block) 	Elapsed: 2.401	Loglikelihood: -5.57228e+06	(delta): 141.788
13 (QN/Block) 	Elapsed: 2.051	Loglikelihood: -5.5722e+06	(delta): 79.6619
14 (QN/Block) 	Elapsed: 2.353	Loglikelihood: -5.57213e+06	(delta): 70.646
15 (QN/Block) 	Elapsed: 1.889	Loglikelihood: -5.57211e+06	(delta): 25.7906
16 (QN/Block) 	Elapsed: 2.243	Loglikelihood: -5.57207e+06	(delta): 34.8006
17 (QN/Block) 	Elapsed: 2.486	Loglikelihood: -5.57202e+06	(delta): 49.4272
18 (QN/Block) 	Elapsed: 2.147	Loglikelihood: -5.57198e+06	(delta): 38.3595
19 (QN/Block) 	Elapsed: 2.141	Loglikelihood: -5.57196e+06	(delta): 26.706
20 (QN/Block) 	Elapsed: 2.044	Loglikelihood: -5.57194e+06	(delta): 17.0849
21 (QN/Block) 	Elapsed: 2.235	Loglikelihood: -5.57193e+06	(delta): 13.4606
22 (QN/Block) 	Elapsed: 2.36	Loglikelihood: -5.57191e+06	(delta): 18.0651
23 (QN/Block) 	Elapsed: 2.246	Loglikelihood: -5.5719e+06	(delta): 3.84781
24 (QN/Block) 	Elapsed: 2.324	Loglikelihood: -5.5719e+06	(delta): 3.12636
25 (QN/Block) 	Elapsed: 2.271	Loglikelihood: -5.5719e+06	(delta): 4.19191
26 (QN/Block) 	Elapsed: 2.391	Loglikelihood: -5.57189e+06	(delta): 6.73807
27 (QN/Block) 	Elapsed: 2.198	Loglikelihood: -5.57188e+06	(delta): 10.8534
28 (QN/Block) 	Elapsed: 2.303	Loglikelihood: -5.57188e+06	(delta): 2.95156
29 (QN/Block) 	Elapsed: 2.181	Loglikelihood: -5.57187e+06	(delta): 2.43974
30 (QN/Block) 	Elapsed: 2.214	Loglikelihood: -5.57187e+06	(delta): 3.09572
31 (QN/Block) 	Elapsed: 2.305	Loglikelihood: -5.57187e+06	(delta): 4.36351
32 (QN/Block) 	Elapsed: 2.149	Loglikelihood: -5.57186e+06	(delta): 7.62398
33 (QN/Block) 	Elapsed: 2.388	Loglikelihood: -5.57184e+06	(delta): 15.7063
34 (QN/Block) 	Elapsed: 2.237	Loglikelihood: -5.57181e+06	(delta): 37.6955
35 (QN/Block) 	Elapsed: 2.232	Loglikelihood: -5.57177e+06	(delta): 31.1156
36 (QN/Block) 	Elapsed: 2.236	Loglikelihood: -5.57176e+06	(delta): 11.2244
37 (QN/Block) 	Elapsed: 2.062	Loglikelihood: -5.57175e+06	(delta): 13.9508
38 (QN/Block) 	Elapsed: 2.366	Loglikelihood: -5.57174e+06	(delta): 11.5192
39 (QN/Block) 	Elapsed: 2.239	Loglikelihood: -5.57173e+06	(delta): 2.97275
40 (QN/Block) 	Elapsed: 2.377	Loglikelihood: -5.57173e+06	(delta): 2.8066
41 (QN/Block) 	Elapsed: 2.258	Loglikelihood: -5.57173e+06	(delta): 2.82851
42 (QN/Block) 	Elapsed: 2.212	Loglikelihood: -5.57173e+06	(delta): 2.78788
43 (QN/Block) 	Elapsed: 2.175	Loglikelihood: -5.57172e+06	(delta): 3.68021
44 (QN/Block) 	Elapsed: 2.224	Loglikelihood: -5.57172e+06	(delta): 5.85321
45 (QN/Block) 	Elapsed: 5.041	Loglikelihood: -5.57172e+06	(delta): 1.51603
46 (QN/Block) 	Elapsed: 2.257	Loglikelihood: -5.57171e+06	(delta): 1.21924
47 (QN/Block) 	Elapsed: 2.403	Loglikelihood: -5.57171e+06	(delta): 0.431385
48 (QN/Block) 	Elapsed: 2.445	Loglikelihood: -5.57171e+06	(delta): 0.431232
49 (QN/Block) 	Elapsed: 2.586	Loglikelihood: -5.57171e+06	(delta): 0.433235
50 (QN/Block) 	Elapsed: 2.474	Loglikelihood: -5.57171e+06	(delta): 0.449846
51 (QN/Block) 	Elapsed: 2.462	Loglikelihood: -5.57171e+06	(delta): 0.511144
52 (QN/Block) 	Elapsed: 2.352	Loglikelihood: -5.57171e+06	(delta): 0.504525
53 (QN/Block) 	Elapsed: 2.494	Loglikelihood: -5.57171e+06	(delta): 0.689065
54 (QN/Block) 	Elapsed: 2.435	Loglikelihood: -5.57171e+06	(delta): 2.40384
55 (QN/Block) 	Elapsed: 2.682	Loglikelihood: -5.57171e+06	(delta): 1.04055
56 (QN/Block) 	Elapsed: 2.416	Loglikelihood: -5.57171e+06	(delta): 0.808733
57 (QN/Block) 	Elapsed: 2.444	Loglikelihood: -5.57171e+06	(delta): 0.940035
58 (QN/Block) 	Elapsed: 2.889	Loglikelihood: -5.5717e+06	(delta): 0.657022
59 (QN/Block) 	Elapsed: 2.528	Loglikelihood: -5.5717e+06	(delta): 0.528684
60 (QN/Block) 	Elapsed: 2.664	Loglikelihood: -5.5717e+06	(delta): 0.0480004
61 (QN/Block) 	Elapsed: 2.953	Loglikelihood: -5.5717e+06	(delta): 0.0255617
62 (QN/Block) 	Elapsed: 2.224	Loglikelihood: -5.5717e+06	(delta): 0.0453986
63 (QN/Block) 	Elapsed: 2.264	Loglikelihood: -5.5717e+06	(delta): 0.0317275
64 (QN/Block) 	Elapsed: 2.311	Loglikelihood: -5.5717e+06	(delta): 0.00703572
65 (QN/Block) 	Elapsed: 2.252	Loglikelihood: -5.5717e+06	(delta): 0.00589006
66 (QN/Block) 	Elapsed: 2.094	Loglikelihood: -5.5717e+06	(delta): 0.00589034
67 (QN/Block) 	Elapsed: 2.106	Loglikelihood: -5.5717e+06	(delta): 0.000708614
68 (QN/Block) 	Elapsed: 2.509	Loglikelihood: -5.5717e+06	(delta): 0.00045691
69 (QN/Block) 	Elapsed: 1.97	Loglikelihood: -5.5717e+06	(delta): 0.000326421
70 (QN/Block) 	Elapsed: 1.899	Loglikelihood: -5.5717e+06	(delta): 7.43484e-05
Summary: 
Converged in 70 iterations (172.937 sec)
Loglikelihood: -5571704.030750
Fst divergences between estimated populations: 
	Pop0	Pop1	Pop2	
Pop0	
Pop1	0.072	
Pop2	0.310	0.314	
Pop3	0.346	0.352	0.092	
CV error (K=4): 0.63830
Writing output files.
