****                   ADMIXTURE Version 1.3.0                  ****
****                    Copyright 2008-2015                     ****
****           David Alexander, Suyash Shringarpure,            ****
****                John  Novembre, Ken Lange                   ****
****                                                            ****
****                 Please cite our paper!                     ****
****   Information at www.genetics.ucla.edu/software/admixture  ****

Cross-validation will be performed.  Folds=5.
Random seed: 43
Point estimation method: Block relaxation algorithm
Convergence acceleration algorithm: QuasiNewton, 3 secant conditions
Point estimation will terminate when objective function delta < 0.0001
Estimation of standard errors disabled; will compute point estimates only.
Size of G: 194x50001
Performing five EM steps to prime main algorithm
1 (EM) 	Elapsed: 0.649	Loglikelihood: -7.35111e+06	(delta): 4.97751e+06
2 (EM) 	Elapsed: 0.527	Loglikelihood: -7.09771e+06	(delta): 253400
3 (EM) 	Elapsed: 0.579	Loglikelihood: -7.01911e+06	(delta): 78600.7
4 (EM) 	Elapsed: 0.589	Loglikelihood: -6.9738e+06	(delta): 45306.8
5 (EM) 	Elapsed: 0.574	Loglikelihood: -6.94257e+06	(delta): 31227.2
Initial loglikelihood: -6.94257e+06
Starting main algorithm
1 (QN/Block) 	Elapsed: 1.519	Loglikelihood: -6.07907e+06	(delta): 863503
2 (QN/Block) 	Elapsed: 1.606	Loglikelihood: -5.84656e+06	(delta): 232505
3 (QN/Block) 	Elapsed: 1.606	Loglikelihood: -5.69483e+06	(delta): 151734
4 (QN/Block) 	Elapsed: 1.663	Loglikelihood: -5.64084e+06	(delta): 53986.8
5 (QN/Block) 	Elapsed: 2.086	Loglikelihood: -5.62657e+06	(delta): 14276.6
6 (QN/Block) 	Elapsed: 1.734	Loglikelihood: -5.62267e+06	(delta): 3894.16
7 (QN/Block) 	Elapsed: 1.66	Loglikelihood: -5.6209e+06	(delta): 1775.94
8 (QN/Block) 	Elapsed: 1.824	Loglikelihood: -5.61997e+06	(delta): 928.407
9 (QN/Block) 	Elapsed: 1.608	Loglikelihood: -5.61931e+06	(delta): 661.876
10 (QN/Block) 	Elapsed: 1.722	Loglikelihood: -5.61898e+06	(delta): 322.789
11 (QN/Block) 	Elapsed: 1.82	Loglikelihood: -5.61884e+06	(delta): 146.839
12 (QN/Block) 	Elapsed: 1.751	Loglikelihood: -5.61877e+06	(delta): 62.166
13 (QN/Block) 	Elapsed: 1.706	Loglikelihood: -5.61874e+06	(delta): 30.3425
14 (QN/Block) 	Elapsed: 1.815	Loglikelihood: -5.61873e+06	(delta): 12.3686
15 (QN/Block) 	Elapsed: 1.651	Loglikelihood: -5.61872e+06	(delta): 8.89738
16 (QN/Block) 	Elapsed: 1.727	Loglikelihood: -5.61872e+06	(delta): 2.74855
17 (QN/Block) 	Elapsed: 1.843	Loglikelihood: -5.61872e+06	(delta): 1.47803
18 (QN/Block) 	Elapsed: 1.652	Loglikelihood: -5.61872e+06	(delta): 1.72919
19 (QN/Block) 	Elapsed: 1.644	Loglikelihood: -5.61871e+06	(delta): 3.68033
20 (QN/Block) 	Elapsed: 1.74	Loglikelihood: -5.61871e+06	(delta): 3.05225
21 (QN/Block) 	Elapsed: 1.653	Loglikelihood: -5.61871e+06	(delta): 1.51062
22 (QN/Block) 	Elapsed: 1.72	Loglikelihood: -5.61871e+06	(delta): 1.00351
23 (QN/Block) 	Elapsed: 1.918	Loglikelihood: -5.61871e+06	(delta): 1.75313
24 (QN/Block) 	Elapsed: 1.692	Loglikelihood: -5.6187e+06	(delta): 4.08579
25 (QN/Block) 	Elapsed: 1.643	Loglikelihood: -5.6187e+06	(delta): 5.71421
26 (QN/Block) 	Elapsed: 1.787	Loglikelihood: -5.61869e+06	(delta): 5.33777
27 (QN/Block) 	Elapsed: 1.643	Loglikelihood: -5.61869e+06	(delta): 3.89422
28 (QN/Block) 	Elapsed: 1.64	Loglikelihood: -5.61868e+06	(delta): 3.76504
29 (QN/Block) 	Elapsed: 1.823	Loglikelihood: -5.61868e+06	(delta): 2.04226
30 (QN/Block) 	Elapsed: 1.83	Loglikelihood: -5.61868e+06	(delta): 2.54224
31 (QN/Block) 	Elapsed: 1.801	Loglikelihood: -5.61867e+06	(delta): 4.37384
32 (QN/Block) 	Elapsed: 2.051	Loglikelihood: -5.61867e+06	(delta): 6.36757
33 (QN/Block) 	Elapsed: 1.667	Loglikelihood: -5.61867e+06	(delta): 2.06835
34 (QN/Block) 	Elapsed: 1.654	Loglikelihood: -5.61867e+06	(delta): 0.85551
35 (QN/Block) 	Elapsed: 1.884	Loglikelihood: -5.61866e+06	(delta): 1.0257
36 (QN/Block) 	Elapsed: 1.663	Loglikelihood: -5.61866e+06	(delta): 0.286729
37 (QN/Block) 	Elapsed: 1.647	Loglikelihood: -5.61866e+06	(delta): 0.218941
38 (QN/Block) 	Elapsed: 1.835	Loglikelihood: -5.61866e+06	(delta): 0.288675
39 (QN/Block) 	Elapsed: 1.679	Loglikelihood: -5.61866e+06	(delta): 0.109701
40 (QN/Block) 	Elapsed: 1.653	Loglikelihood: -5.61866e+06	(delta): 0.153247
41 (QN/Block) 	Elapsed: 1.82	Loglikelihood: -5.61866e+06	(delta): 0.215985
42 (QN/Block) 	Elapsed: 1.817	Loglikelihood: -5.61866e+06	(delta): 0.0949582
43 (QN/Block) 	Elapsed: 1.89	Loglikelihood: -5.61866e+06	(delta): 0.0984297
44 (QN/Block) 	Elapsed: 2.002	Loglikelihood: -5.61866e+06	(delta): 0.106279
45 (QN/Block) 	Elapsed: 1.894	Loglikelihood: -5.61866e+06	(delta): 0.102099
46 (QN/Block) 	Elapsed: 2.004	Loglikelihood: -5.61866e+06	(delta): 0.0927798
47 (QN/Block) 	Elapsed: 1.928	Loglikelihood: -5.61866e+06	(delta): 0.087563
48 (QN/Block) 	Elapsed: 1.886	Loglikelihood: -5.61866e+06	(delta): 0.084978
49 (QN/Block) 	Elapsed: 2.079	Loglikelihood: -5.61866e+06	(delta): 0.0847702
50 (QN/Block) 	Elapsed: 1.907	Loglikelihood: -5.61866e+06	(delta): 0.0878914
51 (QN/Block) 	Elapsed: 1.895	Loglikelihood: -5.61866e+06	(delta): 0.0958334
52 (QN/Block) 	Elapsed: 2.054	Loglikelihood: -5.61866e+06	(delta): 0.103306
53 (QN/Block) 	Elapsed: 1.79	Loglikelihood: -5.61866e+06	(delta): 0.117498
54 (QN/Block) 	Elapsed: 1.925	Loglikelihood: -5.61866e+06	(delta): 0.129765
55 (QN/Block) 	Elapsed: 2.027	Loglikelihood: -5.61866e+06	(delta): 0.118344
56 (QN/Block) 	Elapsed: 1.691	Loglikelihood: -5.61866e+06	(delta): 0.36222
57 (QN/Block) 	Elapsed: 1.665	Loglikelihood: -5.61866e+06	(delta): 0.13383
58 (QN/Block) 	Elapsed: 1.919	Loglikelihood: -5.61866e+06	(delta): 0.0478812
59 (QN/Block) 	Elapsed: 1.7	Loglikelihood: -5.61866e+06	(delta): 0.0447429
60 (QN/Block) 	Elapsed: 1.675	Loglikelihood: -5.61866e+06	(delta): 0.0251789
61 (QN/Block) 	Elapsed: 1.842	Loglikelihood: -5.61866e+06	(delta): 0.00849085
62 (QN/Block) 	Elapsed: 1.742	Loglikelihood: -5.61866e+06	(delta): 0.00615483
63 (QN/Block) 	Elapsed: 1.879	Loglikelihood: -5.61866e+06	(delta): 0.00536617
64 (QN/Block) 	Elapsed: 1.754	Loglikelihood: -5.61866e+06	(delta): 0.00488823
65 (QN/Block) 	Elapsed: 1.669	Loglikelihood: -5.61866e+06	(delta): 0.00294622
66 (QN/Block) 	Elapsed: 1.651	Loglikelihood: -5.61866e+06	(delta): 0.00311702
67 (QN/Block) 	Elapsed: 1.789	Loglikelihood: -5.61866e+06	(delta): 0.000347652
68 (QN/Block) 	Elapsed: 1.667	Loglikelihood: -5.61866e+06	(delta): 6.52783e-05
Summary: 
Converged in 68 iterations (129.882 sec)
Loglikelihood: -5618660.729844
Fst divergences between estimated populations: 
	Pop0	Pop1	
Pop0	
Pop1	0.298	
Pop2	0.331	0.080	
CV error (K=3): 0.61379
Writing output files.
