****                   ADMIXTURE Version 1.3.0                  ****
****                    Copyright 2008-2015                     ****
****           David Alexander, Suyash Shringarpure,            ****
****                John  Novembre, Ken Lange                   ****
****                                                            ****
****                 Please cite our paper!                     ****
****   Information at www.genetics.ucla.edu/software/admixture  ****

Cross-validation will be performed.  Folds=5.
Random seed: 43
Point estimation method: Block relaxation algorithm
Convergence acceleration algorithm: QuasiNewton, 3 secant conditions
Point estimation will terminate when objective function delta < 0.0001
Estimation of standard errors disabled; will compute point estimates only.
Size of G: 202x50001
Performing five EM steps to prime main algorithm
1 (EM) 	Elapsed: 0.272	Loglikelihood: -7.25768e+06	(delta): 8.55592e+06
2 (EM) 	Elapsed: 0.296	Loglikelihood: -7.25768e+06	(delta): 0
3 (EM) 	Elapsed: 0.31	Loglikelihood: -7.25768e+06	(delta): 0
4 (EM) 	Elapsed: 0.322	Loglikelihood: -7.25768e+06	(delta): 0
5 (EM) 	Elapsed: 0.33	Loglikelihood: -7.25768e+06	(delta): 0
Initial loglikelihood: -7.25768e+06
Starting main algorithm
1 (QN/Block) 	Elapsed: 1.029	Loglikelihood: -7.25768e+06	(delta): 0
Summary: 
Converged in 1 iterations (3.385 sec)
Loglikelihood: -7257680.783616
CV error (K=1): 0.76303
Writing output files.
