****                   ADMIXTURE Version 1.3.0                  ****
****                    Copyright 2008-2015                     ****
****           David Alexander, Suyash Shringarpure,            ****
****                John  Novembre, Ken Lange                   ****
****                                                            ****
****                 Please cite our paper!                     ****
****   Information at www.genetics.ucla.edu/software/admixture  ****

Cross-validation will be performed.  Folds=5.
Random seed: 43
Point estimation method: Block relaxation algorithm
Convergence acceleration algorithm: QuasiNewton, 3 secant conditions
Point estimation will terminate when objective function delta < 0.0001
Estimation of standard errors disabled; will compute point estimates only.
Size of G: 194x50001
Performing five EM steps to prime main algorithm
1 (EM) 	Elapsed: 1.008	Loglikelihood: -7.35708e+06	(delta): 4.23485e+06
2 (EM) 	Elapsed: 0.939	Loglikelihood: -7.09746e+06	(delta): 259621
3 (EM) 	Elapsed: 1.105	Loglikelihood: -7.0183e+06	(delta): 79159.3
4 (EM) 	Elapsed: 0.891	Loglikelihood: -6.96341e+06	(delta): 54883.2
5 (EM) 	Elapsed: 0.868	Loglikelihood: -6.91399e+06	(delta): 49423.4
Initial loglikelihood: -6.91399e+06
Starting main algorithm
1 (QN/Block) 	Elapsed: 2.177	Loglikelihood: -5.84484e+06	(delta): 1.06915e+06
2 (QN/Block) 	Elapsed: 2.247	Loglikelihood: -5.68367e+06	(delta): 161162
3 (QN/Block) 	Elapsed: 2.358	Loglikelihood: -5.58667e+06	(delta): 97004.6
4 (QN/Block) 	Elapsed: 2.408	Loglikelihood: -5.54419e+06	(delta): 42482.4
5 (QN/Block) 	Elapsed: 2.337	Loglikelihood: -5.53278e+06	(delta): 11408.8
6 (QN/Block) 	Elapsed: 2.501	Loglikelihood: -5.52917e+06	(delta): 3611.89
7 (QN/Block) 	Elapsed: 2.349	Loglikelihood: -5.52755e+06	(delta): 1618.62
8 (QN/Block) 	Elapsed: 2.34	Loglikelihood: -5.52638e+06	(delta): 1165.98
9 (QN/Block) 	Elapsed: 2.237	Loglikelihood: -5.52552e+06	(delta): 864.335
10 (QN/Block) 	Elapsed: 2.336	Loglikelihood: -5.52506e+06	(delta): 460.442
11 (QN/Block) 	Elapsed: 2.694	Loglikelihood: -5.52471e+06	(delta): 343.471
12 (QN/Block) 	Elapsed: 2.342	Loglikelihood: -5.52451e+06	(delta): 206.998
13 (QN/Block) 	Elapsed: 2.656	Loglikelihood: -5.52446e+06	(delta): 43.8838
14 (QN/Block) 	Elapsed: 2.406	Loglikelihood: -5.52444e+06	(delta): 19.0848
15 (QN/Block) 	Elapsed: 2.5	Loglikelihood: -5.52443e+06	(delta): 15.9302
16 (QN/Block) 	Elapsed: 2.323	Loglikelihood: -5.52441e+06	(delta): 19.6355
17 (QN/Block) 	Elapsed: 2.426	Loglikelihood: -5.52439e+06	(delta): 18.5311
18 (QN/Block) 	Elapsed: 2.407	Loglikelihood: -5.52437e+06	(delta): 16.3469
19 (QN/Block) 	Elapsed: 2.309	Loglikelihood: -5.52436e+06	(delta): 14.7598
20 (QN/Block) 	Elapsed: 2.547	Loglikelihood: -5.52434e+06	(delta): 22.0003
21 (QN/Block) 	Elapsed: 2.376	Loglikelihood: -5.52433e+06	(delta): 5.71991
22 (QN/Block) 	Elapsed: 2.394	Loglikelihood: -5.52433e+06	(delta): 3.56544
23 (QN/Block) 	Elapsed: 2.324	Loglikelihood: -5.52432e+06	(delta): 4.74634
24 (QN/Block) 	Elapsed: 2.488	Loglikelihood: -5.52431e+06	(delta): 8.71462
25 (QN/Block) 	Elapsed: 2.553	Loglikelihood: -5.5243e+06	(delta): 13.7367
26 (QN/Block) 	Elapsed: 2.666	Loglikelihood: -5.52428e+06	(delta): 23.1737
27 (QN/Block) 	Elapsed: 2.229	Loglikelihood: -5.52427e+06	(delta): 9.24773
28 (QN/Block) 	Elapsed: 2.652	Loglikelihood: -5.52427e+06	(delta): 0.744956
29 (QN/Block) 	Elapsed: 2.336	Loglikelihood: -5.52427e+06	(delta): 0.622966
30 (QN/Block) 	Elapsed: 2.754	Loglikelihood: -5.52427e+06	(delta): 0.90832
31 (QN/Block) 	Elapsed: 2.505	Loglikelihood: -5.52427e+06	(delta): 0.503514
32 (QN/Block) 	Elapsed: 2.579	Loglikelihood: -5.52426e+06	(delta): 0.828159
33 (QN/Block) 	Elapsed: 2.154	Loglikelihood: -5.52426e+06	(delta): 2.48053
34 (QN/Block) 	Elapsed: 2.542	Loglikelihood: -5.52426e+06	(delta): 4.42518
35 (QN/Block) 	Elapsed: 2.467	Loglikelihood: -5.52425e+06	(delta): 8.37612
36 (QN/Block) 	Elapsed: 2.426	Loglikelihood: -5.52425e+06	(delta): 1.75733
37 (QN/Block) 	Elapsed: 2.803	Loglikelihood: -5.52425e+06	(delta): 0.118135
38 (QN/Block) 	Elapsed: 2.41	Loglikelihood: -5.52425e+06	(delta): 0.145174
39 (QN/Block) 	Elapsed: 2.562	Loglikelihood: -5.52425e+06	(delta): 0.0892515
40 (QN/Block) 	Elapsed: 2.412	Loglikelihood: -5.52425e+06	(delta): 0.050807
41 (QN/Block) 	Elapsed: 2.41	Loglikelihood: -5.52425e+06	(delta): 0.0394102
42 (QN/Block) 	Elapsed: 2.336	Loglikelihood: -5.52425e+06	(delta): 0.1119
43 (QN/Block) 	Elapsed: 2.423	Loglikelihood: -5.52425e+06	(delta): 0.0495847
44 (QN/Block) 	Elapsed: 2.261	Loglikelihood: -5.52425e+06	(delta): 0.0857135
45 (QN/Block) 	Elapsed: 2.698	Loglikelihood: -5.52425e+06	(delta): 0.0518384
46 (QN/Block) 	Elapsed: 2.5	Loglikelihood: -5.52425e+06	(delta): 0.0438399
47 (QN/Block) 	Elapsed: 2.725	Loglikelihood: -5.52425e+06	(delta): 0.0460424
48 (QN/Block) 	Elapsed: 2.408	Loglikelihood: -5.52425e+06	(delta): 0.0482516
49 (QN/Block) 	Elapsed: 2.603	Loglikelihood: -5.52425e+06	(delta): 0.0550968
50 (QN/Block) 	Elapsed: 2.705	Loglikelihood: -5.52425e+06	(delta): 0.059011
51 (QN/Block) 	Elapsed: 2.666	Loglikelihood: -5.52425e+06	(delta): 0.0630354
52 (QN/Block) 	Elapsed: 2.436	Loglikelihood: -5.52425e+06	(delta): 0.185511
53 (QN/Block) 	Elapsed: 2.401	Loglikelihood: -5.52425e+06	(delta): 0.126731
54 (QN/Block) 	Elapsed: 2.256	Loglikelihood: -5.52425e+06	(delta): 0.223735
55 (QN/Block) 	Elapsed: 2.332	Loglikelihood: -5.52425e+06	(delta): 0.231428
56 (QN/Block) 	Elapsed: 2.604	Loglikelihood: -5.52425e+06	(delta): 0.102142
57 (QN/Block) 	Elapsed: 2.528	Loglikelihood: -5.52425e+06	(delta): 0.0766035
58 (QN/Block) 	Elapsed: 2.596	Loglikelihood: -5.52425e+06	(delta): 0.0264625
59 (QN/Block) 	Elapsed: 2.366	Loglikelihood: -5.52425e+06	(delta): 0.0239309
60 (QN/Block) 	Elapsed: 2.418	Loglikelihood: -5.52425e+06	(delta): 0.0231207
61 (QN/Block) 	Elapsed: 2.143	Loglikelihood: -5.52425e+06	(delta): 0.00792809
62 (QN/Block) 	Elapsed: 2.656	Loglikelihood: -5.52425e+06	(delta): 0.00225085
63 (QN/Block) 	Elapsed: 2.558	Loglikelihood: -5.52425e+06	(delta): 0.00520957
64 (QN/Block) 	Elapsed: 2.354	Loglikelihood: -5.52425e+06	(delta): 0.00125477
65 (QN/Block) 	Elapsed: 2.166	Loglikelihood: -5.52425e+06	(delta): 0.00144939
66 (QN/Block) 	Elapsed: 2.125	Loglikelihood: -5.52425e+06	(delta): 0.00069797
67 (QN/Block) 	Elapsed: 2.435	Loglikelihood: -5.52425e+06	(delta): 0.000623548
68 (QN/Block) 	Elapsed: 2.359	Loglikelihood: -5.52425e+06	(delta): 0.000626716
69 (QN/Block) 	Elapsed: 2.43	Loglikelihood: -5.52425e+06	(delta): 0.0020886
70 (QN/Block) 	Elapsed: 2.343	Loglikelihood: -5.52425e+06	(delta): 0.000867378
71 (QN/Block) 	Elapsed: 2.535	Loglikelihood: -5.52425e+06	(delta): 0.000857949
72 (QN/Block) 	Elapsed: 2.12	Loglikelihood: -5.52425e+06	(delta): 0.000219252
73 (QN/Block) 	Elapsed: 2.38	Loglikelihood: -5.52425e+06	(delta): 0.000228473
74 (QN/Block) 	Elapsed: 2.244	Loglikelihood: -5.52425e+06	(delta): 0.000149289
75 (QN/Block) 	Elapsed: 2.262	Loglikelihood: -5.52425e+06	(delta): 0.000127657
76 (QN/Block) 	Elapsed: 2.788	Loglikelihood: -5.52425e+06	(delta): 5.02747e-05
Summary: 
Converged in 76 iterations (197.661 sec)
Loglikelihood: -5524245.137350
Fst divergences between estimated populations: 
	Pop0	Pop1	Pop2	Pop3	
Pop0	
Pop1	0.331	
Pop2	0.083	0.312	
Pop3	0.328	0.068	0.308	
Pop4	0.113	0.356	0.101	0.353	
CV error (K=5): 0.64904
Writing output files.
